INFO 2023-11-17 15:01:24,783  12308  Watching for file changes with StatReloader
INFO 2023-11-17 15:02:21,761  5608  Watching for file changes with StatReloader
WARNING 2023-11-17 15:02:35,663  5608  Forbidden (CSRF token missing.): /
INFO 2023-11-17 15:06:57,743  5608  C:\PycharmProjects\apis\main_app\views.py changed, reloading.
INFO 2023-11-17 15:06:58,962  8272  Watching for file changes with StatReloader
WARNING 2023-11-17 15:19:16,553  8272  Forbidden (CSRF token missing.): /
INFO 2023-11-17 15:21:04,482  8272  C:\PycharmProjects\apis\apis\settings.py changed, reloading.
INFO 2023-11-17 15:21:13,396  32  Watching for file changes with StatReloader
INFO 2023-11-17 15:21:44,705  32  C:\PycharmProjects\apis\apis\settings.py changed, reloading.
INFO 2023-11-17 15:21:45,843  10804  Watching for file changes with StatReloader
INFO 2023-11-17 15:22:30,290  10804  C:\PycharmProjects\apis\apis\settings.py changed, reloading.
INFO 2023-11-17 15:22:31,452  9704  Watching for file changes with StatReloader
INFO 2023-11-17 15:26:32,930  9704  C:\PycharmProjects\apis\apis\settings.py changed, reloading.
INFO 2023-11-17 15:26:33,986  2976  Watching for file changes with StatReloader
INFO 2023-11-17 15:26:50,280  12904  Watching for file changes with StatReloader
ERROR 2023-11-17 15:26:54,115  12904  Internal Server Error: /
Traceback (most recent call last):
  File "C:\PycharmProjects\apis\venv\Lib\site-packages\django\core\handlers\exception.py", line 55, in inner
    response = get_response(request)
               ^^^^^^^^^^^^^^^^^^^^^
  File "C:\PycharmProjects\apis\venv\Lib\site-packages\django\core\handlers\base.py", line 197, in _get_response
    response = wrapped_callback(request, *callback_args, **callback_kwargs)
               ^^^^^^^^^^^^^^^^^^^^^^^^^^^^^^^^^^^^^^^^^^^^^^^^^^^^^^^^^^^^
  File "C:\PycharmProjects\apis\main_app\views.py", line 14, in initiate_payment
    return render(request, "payment.html")
           ^^^^^^^^^^^^^^^^^^^^^^^^^^^^^^^
  File "C:\PycharmProjects\apis\venv\Lib\site-packages\django\shortcuts.py", line 24, in render
    content = loader.render_to_string(template_name, context, request, using=using)
              ^^^^^^^^^^^^^^^^^^^^^^^^^^^^^^^^^^^^^^^^^^^^^^^^^^^^^^^^^^^^^^^^^^^^^
  File "C:\PycharmProjects\apis\venv\Lib\site-packages\django\template\loader.py", line 61, in render_to_string
    template = get_template(template_name, using=using)
               ^^^^^^^^^^^^^^^^^^^^^^^^^^^^^^^^^^^^^^^^
  File "C:\PycharmProjects\apis\venv\Lib\site-packages\django\template\loader.py", line 15, in get_template
    return engine.get_template(template_name)
           ^^^^^^^^^^^^^^^^^^^^^^^^^^^^^^^^^^
  File "C:\PycharmProjects\apis\venv\Lib\site-packages\django\template\backends\django.py", line 33, in get_template
    return Template(self.engine.get_template(template_name), self)
                    ^^^^^^^^^^^^^^^^^^^^^^^^^^^^^^^^^^^^^^^
  File "C:\PycharmProjects\apis\venv\Lib\site-packages\django\template\engine.py", line 175, in get_template
    template, origin = self.find_template(template_name)
                       ^^^^^^^^^^^^^^^^^^^^^^^^^^^^^^^^^
  File "C:\PycharmProjects\apis\venv\Lib\site-packages\django\template\engine.py", line 157, in find_template
    template = loader.get_template(name, skip=skip)
               ^^^^^^^^^^^^^^^^^^^^^^^^^^^^^^^^^^^^
  File "C:\PycharmProjects\apis\venv\Lib\site-packages\django\template\loaders\cached.py", line 57, in get_template
    template = super().get_template(template_name, skip)
               ^^^^^^^^^^^^^^^^^^^^^^^^^^^^^^^^^^^^^^^^^
  File "C:\PycharmProjects\apis\venv\Lib\site-packages\django\template\loaders\base.py", line 28, in get_template
    return Template(
           ^^^^^^^^^
  File "C:\PycharmProjects\apis\venv\Lib\site-packages\django\template\base.py", line 154, in __init__
    self.nodelist = self.compile_nodelist()
                    ^^^^^^^^^^^^^^^^^^^^^^^
  File "C:\PycharmProjects\apis\venv\Lib\site-packages\django\template\base.py", line 200, in compile_nodelist
    return parser.parse()
           ^^^^^^^^^^^^^^
  File "C:\PycharmProjects\apis\venv\Lib\site-packages\django\template\base.py", line 484, in parse
    raise self.error(token, e)
  File "C:\PycharmProjects\apis\venv\Lib\site-packages\django\template\base.py", line 482, in parse
    filter_expression = self.compile_filter(token.contents)
                        ^^^^^^^^^^^^^^^^^^^^^^^^^^^^^^^^^^^
  File "C:\PycharmProjects\apis\venv\Lib\site-packages\django\template\base.py", line 600, in compile_filter
    return FilterExpression(token, self)
           ^^^^^^^^^^^^^^^^^^^^^^^^^^^^^
  File "C:\PycharmProjects\apis\venv\Lib\site-packages\django\template\base.py", line 703, in __init__
    raise TemplateSyntaxError(
django.template.exceptions.TemplateSyntaxError: Could not parse the remainder: '%csrf token%' from '%csrf token%'
ERROR 2023-11-17 15:26:54,222  12904  Internal Server Error: /
Traceback (most recent call last):
  File "C:\PycharmProjects\apis\venv\Lib\site-packages\django\core\handlers\exception.py", line 55, in inner
    response = get_response(request)
               ^^^^^^^^^^^^^^^^^^^^^
  File "C:\PycharmProjects\apis\venv\Lib\site-packages\django\core\handlers\base.py", line 197, in _get_response
    response = wrapped_callback(request, *callback_args, **callback_kwargs)
               ^^^^^^^^^^^^^^^^^^^^^^^^^^^^^^^^^^^^^^^^^^^^^^^^^^^^^^^^^^^^
  File "C:\PycharmProjects\apis\main_app\views.py", line 14, in initiate_payment
    return render(request, "payment.html")
           ^^^^^^^^^^^^^^^^^^^^^^^^^^^^^^^
  File "C:\PycharmProjects\apis\venv\Lib\site-packages\django\shortcuts.py", line 24, in render
    content = loader.render_to_string(template_name, context, request, using=using)
              ^^^^^^^^^^^^^^^^^^^^^^^^^^^^^^^^^^^^^^^^^^^^^^^^^^^^^^^^^^^^^^^^^^^^^
  File "C:\PycharmProjects\apis\venv\Lib\site-packages\django\template\loader.py", line 61, in render_to_string
    template = get_template(template_name, using=using)
               ^^^^^^^^^^^^^^^^^^^^^^^^^^^^^^^^^^^^^^^^
  File "C:\PycharmProjects\apis\venv\Lib\site-packages\django\template\loader.py", line 15, in get_template
    return engine.get_template(template_name)
           ^^^^^^^^^^^^^^^^^^^^^^^^^^^^^^^^^^
  File "C:\PycharmProjects\apis\venv\Lib\site-packages\django\template\backends\django.py", line 33, in get_template
    return Template(self.engine.get_template(template_name), self)
                    ^^^^^^^^^^^^^^^^^^^^^^^^^^^^^^^^^^^^^^^
  File "C:\PycharmProjects\apis\venv\Lib\site-packages\django\template\engine.py", line 175, in get_template
    template, origin = self.find_template(template_name)
                       ^^^^^^^^^^^^^^^^^^^^^^^^^^^^^^^^^
  File "C:\PycharmProjects\apis\venv\Lib\site-packages\django\template\engine.py", line 157, in find_template
    template = loader.get_template(name, skip=skip)
               ^^^^^^^^^^^^^^^^^^^^^^^^^^^^^^^^^^^^
  File "C:\PycharmProjects\apis\venv\Lib\site-packages\django\template\loaders\cached.py", line 57, in get_template
    template = super().get_template(template_name, skip)
               ^^^^^^^^^^^^^^^^^^^^^^^^^^^^^^^^^^^^^^^^^
  File "C:\PycharmProjects\apis\venv\Lib\site-packages\django\template\loaders\base.py", line 28, in get_template
    return Template(
           ^^^^^^^^^
  File "C:\PycharmProjects\apis\venv\Lib\site-packages\django\template\base.py", line 154, in __init__
    self.nodelist = self.compile_nodelist()
                    ^^^^^^^^^^^^^^^^^^^^^^^
  File "C:\PycharmProjects\apis\venv\Lib\site-packages\django\template\base.py", line 200, in compile_nodelist
    return parser.parse()
           ^^^^^^^^^^^^^^
  File "C:\PycharmProjects\apis\venv\Lib\site-packages\django\template\base.py", line 484, in parse
    raise self.error(token, e)
  File "C:\PycharmProjects\apis\venv\Lib\site-packages\django\template\base.py", line 482, in parse
    filter_expression = self.compile_filter(token.contents)
                        ^^^^^^^^^^^^^^^^^^^^^^^^^^^^^^^^^^^
  File "C:\PycharmProjects\apis\venv\Lib\site-packages\django\template\base.py", line 600, in compile_filter
    return FilterExpression(token, self)
           ^^^^^^^^^^^^^^^^^^^^^^^^^^^^^
  File "C:\PycharmProjects\apis\venv\Lib\site-packages\django\template\base.py", line 703, in __init__
    raise TemplateSyntaxError(
django.template.exceptions.TemplateSyntaxError: Could not parse the remainder: '%csrf token%' from '%csrf token%'
INFO 2023-11-17 15:27:49,900  4456  Watching for file changes with StatReloader
INFO 2023-11-17 15:28:05,343  4456  +254112432015 20
INFO 2023-11-17 15:30:12,442  4456  C:\PycharmProjects\apis\apis\settings.py changed, reloading.
INFO 2023-11-17 15:30:13,675  420  Watching for file changes with StatReloader
INFO 2023-11-17 15:30:54,376  420  C:\PycharmProjects\apis\apis\settings.py changed, reloading.
INFO 2023-11-17 15:30:56,423  11072  Watching for file changes with StatReloader
INFO 2023-11-17 15:32:57,648  11072  C:\PycharmProjects\apis\apis\settings.py changed, reloading.
INFO 2023-11-17 15:32:59,101  11364  Watching for file changes with StatReloader
INFO 2023-11-17 15:40:25,378  11364  C:\PycharmProjects\apis\main_app\views.py changed, reloading.
INFO 2023-11-17 15:40:26,954  13028  Watching for file changes with StatReloader
INFO 2023-11-17 15:54:43,910  13028  C:\PycharmProjects\apis\main_app\views.py changed, reloading.
INFO 2023-11-17 15:54:45,188  6964  Watching for file changes with StatReloader
INFO 2023-11-17 15:54:56,283  1196  Watching for file changes with StatReloader
INFO 2023-11-17 15:55:11,051  1196  254112432015 1
DEBUG 2023-11-17 15:55:11,056  1196  Starting new HTTPS connection (1): sandbox.safaricom.co.ke:443
DEBUG 2023-11-17 15:55:12,565  1196  https://sandbox.safaricom.co.ke:443 "GET /oauth/v1/generate?grant_type=client_credentials HTTP/1.1" 200 None
DEBUG 2023-11-17 15:55:12,574  1196  Starting new HTTPS connection (1): sandbox.safaricom.co.ke:443
DEBUG 2023-11-17 15:55:14,107  1196  https://sandbox.safaricom.co.ke:443 "POST /mpesa/stkpush/v1/processrequest HTTP/1.1" 200 None
DEBUG 2023-11-17 15:55:14,109  1196  {'MerchantRequestID': '85294-108218988-2', 'CheckoutRequestID': 'ws_CO_17112023155708226112432015', 'ResponseCode': '0', 'ResponseDescription': 'Success. Request accepted for processing', 'CustomerMessage': 'Success. Request accepted for processing'}
INFO 2023-11-17 15:55:58,566  1196  254717337888 1
DEBUG 2023-11-17 15:55:58,570  1196  Starting new HTTPS connection (1): sandbox.safaricom.co.ke:443
DEBUG 2023-11-17 15:56:00,031  1196  https://sandbox.safaricom.co.ke:443 "GET /oauth/v1/generate?grant_type=client_credentials HTTP/1.1" 200 None
DEBUG 2023-11-17 15:56:00,036  1196  Starting new HTTPS connection (1): sandbox.safaricom.co.ke:443
DEBUG 2023-11-17 15:56:01,676  1196  https://sandbox.safaricom.co.ke:443 "POST /mpesa/stkpush/v1/processrequest HTTP/1.1" 200 None
DEBUG 2023-11-17 15:56:01,677  1196  {'MerchantRequestID': '31785-11482953-1', 'CheckoutRequestID': 'ws_CO_17112023155755811717337888', 'ResponseCode': '0', 'ResponseDescription': 'Success. Request accepted for processing', 'CustomerMessage': 'Success. Request accepted for processing'}
INFO 2023-11-17 16:08:42,264  3060  Watching for file changes with StatReloader
INFO 2023-11-17 16:17:46,535  3060  C:\PycharmProjects\apis\main_app\views.py changed, reloading.
INFO 2023-11-17 16:17:47,822  13152  Watching for file changes with StatReloader
INFO 2023-11-17 16:18:41,547  13152  C:\PycharmProjects\apis\apis\settings.py changed, reloading.
INFO 2023-11-17 16:18:42,730  10792  Watching for file changes with StatReloader
INFO 2023-11-17 16:19:52,177  10792  254717337888 1
DEBUG 2023-11-17 16:19:52,216  10792  Starting new HTTPS connection (1): sandbox.safaricom.co.ke:443
DEBUG 2023-11-17 16:19:53,795  10792  https://sandbox.safaricom.co.ke:443 "GET /oauth/v1/generate?grant_type=client_credentials HTTP/1.1" 200 None
DEBUG 2023-11-17 16:19:53,829  10792  Starting new HTTPS connection (1): sandbox.safaricom.co.ke:443
DEBUG 2023-11-17 16:19:55,330  10792  https://sandbox.safaricom.co.ke:443 "POST /mpesa/stkpush/v1/processrequest HTTP/1.1" 200 None
DEBUG 2023-11-17 16:19:55,331  10792  {'MerchantRequestID': '9035-6395762-2', 'CheckoutRequestID': 'ws_CO_17112023162149521717337888', 'ResponseCode': '0', 'ResponseDescription': 'Success. Request accepted for processing', 'CustomerMessage': 'Success. Request accepted for processing'}
INFO 2023-11-17 16:19:55,332  10792  9035-6395762-2 ws_CO_17112023162149521717337888
INFO 2023-11-17 16:20:13,495  10792  254112432015 1
DEBUG 2023-11-17 16:20:13,497  10792  Starting new HTTPS connection (1): sandbox.safaricom.co.ke:443
DEBUG 2023-11-17 16:20:14,934  10792  https://sandbox.safaricom.co.ke:443 "GET /oauth/v1/generate?grant_type=client_credentials HTTP/1.1" 200 None
DEBUG 2023-11-17 16:20:14,938  10792  Starting new HTTPS connection (1): sandbox.safaricom.co.ke:443
DEBUG 2023-11-17 16:20:16,974  10792  https://sandbox.safaricom.co.ke:443 "POST /mpesa/stkpush/v1/processrequest HTTP/1.1" 200 None
DEBUG 2023-11-17 16:20:16,975  10792  {'MerchantRequestID': '45327-246317598-1', 'CheckoutRequestID': 'ws_CO_17112023162211047112432015', 'ResponseCode': '0', 'ResponseDescription': 'Success. Request accepted for processing', 'CustomerMessage': 'Success. Request accepted for processing'}
INFO 2023-11-17 16:20:16,975  10792  45327-246317598-1 ws_CO_17112023162211047112432015
INFO 2023-11-17 16:27:58,763  7040  Watching for file changes with StatReloader
INFO 2023-11-17 16:29:31,727  7040  254717337888 1
DEBUG 2023-11-17 16:29:31,729  7040  Starting new HTTPS connection (1): sandbox.safaricom.co.ke:443
DEBUG 2023-11-17 16:29:33,213  7040  https://sandbox.safaricom.co.ke:443 "GET /oauth/v1/generate?grant_type=client_credentials HTTP/1.1" 200 None
DEBUG 2023-11-17 16:29:33,243  7040  Starting new HTTPS connection (1): sandbox.safaricom.co.ke:443
DEBUG 2023-11-17 16:29:34,901  7040  https://sandbox.safaricom.co.ke:443 "POST /mpesa/stkpush/v1/processrequest HTTP/1.1" 200 None
DEBUG 2023-11-17 16:29:34,903  7040  {'MerchantRequestID': '12639-6163603-1', 'CheckoutRequestID': 'ws_CO_17112023163129139717337888', 'ResponseCode': '0', 'ResponseDescription': 'Success. Request accepted for processing', 'CustomerMessage': 'Success. Request accepted for processing'}
INFO 2023-11-17 16:29:34,903  7040  12639-6163603-1 ws_CO_17112023163129139717337888
INFO 2023-11-17 16:38:32,958  7040  C:\PycharmProjects\apis\main_app\views.py changed, reloading.
INFO 2023-11-17 16:38:34,071  220  Watching for file changes with StatReloader
INFO 2023-11-17 16:39:26,326  220  C:\PycharmProjects\apis\main_app\views.py changed, reloading.
INFO 2023-11-17 16:39:27,291  1572  Watching for file changes with StatReloader
INFO 2023-11-17 16:48:08,702  1572  C:\PycharmProjects\apis\main_app\views.py changed, reloading.
INFO 2023-11-17 16:48:14,690  2768  Watching for file changes with StatReloader
INFO 2023-11-17 16:53:31,166  13216  Watching for file changes with StatReloader
ERROR 2023-11-17 16:53:39,265  13216  Internal Server Error: /
Traceback (most recent call last):
  File "C:\PycharmProjects\apis\venv\Lib\site-packages\django\core\handlers\exception.py", line 55, in inner
    response = get_response(request)
               ^^^^^^^^^^^^^^^^^^^^^
  File "C:\PycharmProjects\apis\venv\Lib\site-packages\django\core\handlers\base.py", line 204, in _get_response
    self.check_response(response, callback)
  File "C:\PycharmProjects\apis\venv\Lib\site-packages\django\core\handlers\base.py", line 332, in check_response
    raise ValueError(
ValueError: The view main_app.views.initiate_payment didn't return an HttpResponse object. It returned None instead.
ERROR 2023-11-17 16:53:48,556  13216  Internal Server Error: /
Traceback (most recent call last):
  File "C:\PycharmProjects\apis\venv\Lib\site-packages\django\core\handlers\exception.py", line 55, in inner
    response = get_response(request)
               ^^^^^^^^^^^^^^^^^^^^^
  File "C:\PycharmProjects\apis\venv\Lib\site-packages\django\core\handlers\base.py", line 204, in _get_response
    self.check_response(response, callback)
  File "C:\PycharmProjects\apis\venv\Lib\site-packages\django\core\handlers\base.py", line 332, in check_response
    raise ValueError(
ValueError: The view main_app.views.initiate_payment didn't return an HttpResponse object. It returned None instead.
INFO 2023-11-17 16:55:44,205  10876  Watching for file changes with StatReloader
ERROR 2023-11-17 16:55:46,959  10876  Internal Server Error: /
Traceback (most recent call last):
  File "C:\PycharmProjects\apis\venv\Lib\site-packages\django\core\handlers\exception.py", line 55, in inner
    response = get_response(request)
               ^^^^^^^^^^^^^^^^^^^^^
  File "C:\PycharmProjects\apis\venv\Lib\site-packages\django\core\handlers\base.py", line 204, in _get_response
    self.check_response(response, callback)
  File "C:\PycharmProjects\apis\venv\Lib\site-packages\django\core\handlers\base.py", line 332, in check_response
    raise ValueError(
ValueError: The view main_app.views.initiate_payment didn't return an HttpResponse object. It returned None instead.
ERROR 2023-11-17 16:58:50,306  10876  Internal Server Error: /
Traceback (most recent call last):
  File "C:\PycharmProjects\apis\venv\Lib\site-packages\django\core\handlers\exception.py", line 55, in inner
    response = get_response(request)
               ^^^^^^^^^^^^^^^^^^^^^
  File "C:\PycharmProjects\apis\venv\Lib\site-packages\django\core\handlers\base.py", line 204, in _get_response
    self.check_response(response, callback)
  File "C:\PycharmProjects\apis\venv\Lib\site-packages\django\core\handlers\base.py", line 332, in check_response
    raise ValueError(
ValueError: The view main_app.views.initiate_payment didn't return an HttpResponse object. It returned None instead.
ERROR 2023-11-17 16:58:52,826  10876  Internal Server Error: /
Traceback (most recent call last):
  File "C:\PycharmProjects\apis\venv\Lib\site-packages\django\core\handlers\exception.py", line 55, in inner
    response = get_response(request)
               ^^^^^^^^^^^^^^^^^^^^^
  File "C:\PycharmProjects\apis\venv\Lib\site-packages\django\core\handlers\base.py", line 204, in _get_response
    self.check_response(response, callback)
  File "C:\PycharmProjects\apis\venv\Lib\site-packages\django\core\handlers\base.py", line 332, in check_response
    raise ValueError(
ValueError: The view main_app.views.initiate_payment didn't return an HttpResponse object. It returned None instead.
INFO 2023-11-17 16:59:09,954  8416  Watching for file changes with StatReloader
ERROR 2023-11-17 16:59:12,356  10876  Internal Server Error: /
Traceback (most recent call last):
  File "C:\PycharmProjects\apis\venv\Lib\site-packages\django\core\handlers\exception.py", line 55, in inner
    response = get_response(request)
               ^^^^^^^^^^^^^^^^^^^^^
  File "C:\PycharmProjects\apis\venv\Lib\site-packages\django\core\handlers\base.py", line 204, in _get_response
    self.check_response(response, callback)
  File "C:\PycharmProjects\apis\venv\Lib\site-packages\django\core\handlers\base.py", line 332, in check_response
    raise ValueError(
ValueError: The view main_app.views.initiate_payment didn't return an HttpResponse object. It returned None instead.
INFO 2023-11-17 17:10:00,915  11028  Watching for file changes with StatReloader
ERROR 2023-11-17 17:10:06,547  8416  Internal Server Error: /
Traceback (most recent call last):
  File "C:\PycharmProjects\apis\venv\Lib\site-packages\django\core\handlers\exception.py", line 55, in inner
    response = get_response(request)
               ^^^^^^^^^^^^^^^^^^^^^
  File "C:\PycharmProjects\apis\venv\Lib\site-packages\django\core\handlers\base.py", line 204, in _get_response
    self.check_response(response, callback)
  File "C:\PycharmProjects\apis\venv\Lib\site-packages\django\core\handlers\base.py", line 332, in check_response
    raise ValueError(
ValueError: The view main_app.views.initiate_payment didn't return an HttpResponse object. It returned None instead.
INFO 2023-11-17 17:10:43,520  8416  C:\PycharmProjects\apis\main_app\views.py changed, reloading.
INFO 2023-11-17 17:10:45,337  9084  Watching for file changes with StatReloader
INFO 2023-11-17 17:10:45,977  2720  Watching for file changes with StatReloader
INFO 2023-11-17 17:12:32,866  9084  254112432015 1
DEBUG 2023-11-17 17:12:32,869  9084  Starting new HTTPS connection (1): sandbox.safaricom.co.ke:443
DEBUG 2023-11-17 17:12:34,725  9084  https://sandbox.safaricom.co.ke:443 "GET /oauth/v1/generate?grant_type=client_credentials HTTP/1.1" 200 None
DEBUG 2023-11-17 17:12:34,813  9084  Starting new HTTPS connection (1): sandbox.safaricom.co.ke:443
DEBUG 2023-11-17 17:12:36,652  9084  https://sandbox.safaricom.co.ke:443 "POST /mpesa/stkpush/v1/processrequest HTTP/1.1" 200 None
DEBUG 2023-11-17 17:12:36,653  9084  {'MerchantRequestID': '45329-246435764-1', 'CheckoutRequestID': 'ws_CO_17112023171538971112432015', 'ResponseCode': '0', 'ResponseDescription': 'Success. Request accepted for processing', 'CustomerMessage': 'Success. Request accepted for processing'}
INFO 2023-11-17 17:12:36,653  9084  45329-246435764-1 ws_CO_17112023171538971112432015
